2020-12-21T07:11:00+00:00 CRITICAL Uncaught Error: Call to undefined function pll_register_string() in D:\PROGRAMS\OpenServer\domains\gemaiter.me\wp-content\themes\gemalter\inc\lang.php:7
Stack trace:
#0 D:\PROGRAMS\OpenServer\domains\gemaiter.me\wp-content\themes\gemalter\functions.php(555): require()
#1 D:\PROGRAMS\OpenServer\domains\gemaiter.me\wp-settings.php(514): include('D:\\PROGRAMS\\Ope...')
#2 D:\PROGRAMS\OpenServer\domains\gemaiter.me\wp-config.php(95): require_once('D:\\PROGRAMS\\Ope...')
#3 D:\PROGRAMS\OpenServer\domains\gemaiter.me\wp-load.php(37): require_once('D:\\PROGRAMS\\Ope...')
#4 D:\PROGRAMS\OpenServer\domains\gemaiter.me\wp-blog-header.php(13): require_once('D:\\PROGRAMS\\Ope...')
#5 D:\PROGRAMS\OpenServer\domains\gemaiter.me\index.php(18): require('D:\\PROGRAMS\\Ope...')
#6 {main}
  thrown in D:\PROGRAMS\OpenServer\domains\gemaiter.me\wp-content\themes\gemalter\inc\lang.php on line 7

2020-12-21T07:11:10+00:00 CRITICAL Uncaught Error: Call to undefined function pll_register_string() in D:\PROGRAMS\OpenServer\domains\gemaiter.me\wp-content\themes\gemalter\inc\lang.php:7
Stack trace:
#0 D:\PROGRAMS\OpenServer\domains\gemaiter.me\wp-content\themes\gemalter\functions.php(555): require()
#1 D:\PROGRAMS\OpenServer\domains\gemaiter.me\wp-settings.php(514): include('D:\\PROGRAMS\\Ope...')
#2 D:\PROGRAMS\OpenServer\domains\gemaiter.me\wp-config.php(95): require_once('D:\\PROGRAMS\\Ope...')
#3 D:\PROGRAMS\OpenServer\domains\gemaiter.me\wp-load.php(37): require_once('D:\\PROGRAMS\\Ope...')
#4 D:\PROGRAMS\OpenServer\domains\gemaiter.me\wp-blog-header.php(13): require_once('D:\\PROGRAMS\\Ope...')
#5 D:\PROGRAMS\OpenServer\domains\gemaiter.me\index.php(18): require('D:\\PROGRAMS\\Ope...')
#6 {main}
  thrown in D:\PROGRAMS\OpenServer\domains\gemaiter.me\wp-content\themes\gemalter\inc\lang.php on line 7

