2020-11-17T05:29:06+00:00 CRITICAL Uncaught ArgumentCountError: Too few arguments to function pll_register_string(), 1 passed in D:\PROGRAMS\OpenServer\domains\gemaiter.me\wp-content\themes\gemalter\inc\lang.php on line 38 and at least 2 expected in D:\PROGRAMS\OpenServer\domains\gemaiter.me\wp-content\plugins\polylang-pro\vendor\wpsyntex\polylang\include\api.php:133
Stack trace:
#0 D:\PROGRAMS\OpenServer\domains\gemaiter.me\wp-content\themes\gemalter\inc\lang.php(38): pll_register_string('We are already ...')
#1 D:\PROGRAMS\OpenServer\domains\gemaiter.me\wp-content\themes\gemalter\functions.php(220): require('D:\\PROGRAMS\\Ope...')
#2 D:\PROGRAMS\OpenServer\domains\gemaiter.me\wp-settings.php(514): include('D:\\PROGRAMS\\Ope...')
#3 D:\PROGRAMS\OpenServer\domains\gemaiter.me\wp-config.php(93): require_once('D:\\PROGRAMS\\Ope...')
#4 D:\PROGRAMS\OpenServer\domains\gemaiter.me\wp-load.php(37): require_once('D:\\PROGRAMS\\Ope...')
#5 D:\PROGRAMS\OpenServer\domains\gemaiter.me\wp-blog-header.php(13): require_once('D:\\PROGRAMS\\Ope...')
#6 D:\PRO in D:\PROGRAMS\OpenServer\domains\gemaiter.me\wp-content\plugins\polylang-pro\vendor\wpsyntex\polylang\include\api.php on line 133

2020-11-17T15:17:58+00:00 CRITICAL Uncaught Error: Call to undefined function gemalter_post_thumbnail() in D:\PROGRAMS\OpenServer\domains\gemaiter.me\wp-content\themes\gemalter\template-parts\content-page.php:17
Stack trace:
#0 D:\PROGRAMS\OpenServer\domains\gemaiter.me\wp-includes\template.php(732): require()
#1 D:\PROGRAMS\OpenServer\domains\gemaiter.me\wp-includes\template.php(676): load_template('D:\\PROGRAMS\\Ope...', false, Array)
#2 D:\PROGRAMS\OpenServer\domains\gemaiter.me\wp-includes\general-template.php(204): locate_template(Array, true, false, Array)
#3 D:\PROGRAMS\OpenServer\domains\gemaiter.me\wp-content\themes\gemalter\page.php(24): get_template_part('template-parts/...', 'page')
#4 D:\PROGRAMS\OpenServer\domains\gemaiter.me\wp-includes\template-loader.php(106): include('D:\\PROGRAMS\\Ope...')
#5 D:\PROGRAMS\OpenServer\domains\gemaiter.me\wp-blog-header.php(19): require_once('D:\\PROGRAMS\\Ope...')
#6 D:\PROGRAMS\OpenServer\domains\gemaiter.me\index.php(18): require('D:\\PROGRAMS\\Ope...')
#7 {main}
  thrown in D:\PROGRAMS\OpenServer\domains\gemaiter.me\wp-content\themes\gemalter\template-parts\content-page.php on line 17

