2020-12-09T09:47:28+00:00 CRITICAL syntax error, unexpected ')' in /home/me/domains/lh.me/public_html/wp-content/themes/gemalter/inc/settings.php on line 1502

2020-12-09T09:49:28+00:00 CRITICAL syntax error, unexpected 'if' (T_IF) in /home/me/domains/lh.me/public_html/wp-content/themes/gemalter/inc/settings.php on line 1505

2020-12-09T10:51:29+00:00 CRITICAL Uncaught Error: Call to undefined method WC_Order_Item_Product::get() in /home/me/domains/lh.me/public_html/wp-content/themes/gemalter/inc/settings.php:1484
Stack trace:
#0 /home/me/domains/lh.me/public_html/wp-includes/class-wp-hook.php(287): change_order_item_meta_value('100', Object(WC_Meta_Data), Object(WC_Order_Item_Product))
#1 /home/me/domains/lh.me/public_html/wp-includes/plugin.php(206): WP_Hook->apply_filters('100', Array)
#2 /home/me/domains/lh.me/public_html/wp-content/plugins/woocommerce/includes/class-wc-order-item.php(291): apply_filters('woocommerce_ord...', '100', Object(WC_Meta_Data), Object(WC_Order_Item_Product))
#3 /home/me/domains/lh.me/public_html/wp-content/plugins/woocommerce/includes/admin/meta-boxes/views/html-order-item-meta.php(23): WC_Order_Item->get_formatted_meta_data('')
#4 /home/me/domains/lh.me/public_html/wp-content/plugins/woocommerce/includes/admin/meta-boxes/views/html-order-item.php(44): require('/home/me/domain...')
#5 /home/me/domains/lh.me/public_html/wp-content/plug in /home/me/domains/lh.me/public_html/wp-content/themes/gemalter/inc/settings.php on line 1484

2020-12-09T12:40:21+00:00 CRITICAL syntax error, unexpected 'break' (T_BREAK) in /home/me/domains/lh.me/public_html/wp-content/themes/gemalter/inc/settings.php on line 1614

2020-12-09T20:05:53+00:00 CRITICAL syntax error, unexpected '}' in D:\PROGRAMS\OpenServer\domains\gemaiter.me\wp-content\themes\gemalter\inc\settings.php on line 1584

2020-12-09T20:38:27+00:00 CRITICAL Uncaught Error: Call to undefined method WC_Order_Item_Product::get_price() in D:\PROGRAMS\OpenServer\domains\gemaiter.me\wp-content\themes\gemalter\inc\settings.php:1739
Stack trace:
#0 D:\PROGRAMS\OpenServer\domains\gemaiter.me\wp-includes\class-wp-hook.php(287): woocommerce_method_order_created(Object(WC_Order))
#1 D:\PROGRAMS\OpenServer\domains\gemaiter.me\wp-includes\class-wp-hook.php(311): WP_Hook->apply_filters(NULL, Array)
#2 D:\PROGRAMS\OpenServer\domains\gemaiter.me\wp-includes\plugin.php(478): WP_Hook->do_action(Array)
#3 D:\PROGRAMS\OpenServer\domains\gemaiter.me\wp-content\plugins\woocommerce\includes\class-wc-checkout.php(403): do_action('woocommerce_che...', Object(WC_Order))
#4 D:\PROGRAMS\OpenServer\domains\gemaiter.me\wp-content\plugins\woocommerce\includes\class-wc-checkout.php(1148): WC_Checkout->create_order(Array)
#5 D:\PROGRAMS\OpenServer\domains\gemaiter.me\wp-content\plugins\woocommerce\includes\class-wc-ajax.php(465): WC_Checkout->process_checkout()
#6 D:\PROGRAMS\OpenServer\domains\ in D:\PROGRAMS\OpenServer\domains\gemaiter.me\wp-content\themes\gemalter\inc\settings.php on line 1739

