2020-11-10T14:51:00+00:00 CRITICAL Uncaught Error: Call to undefined method PLL_Bulk_Translate::register_options() in D:\PROGRAMS\OpenServer\domains\gemaiter.me\wp-content\plugins\polylang-pro\modules\media\admin-advanced-media.php:26
Stack trace:
#0 D:\PROGRAMS\OpenServer\domains\gemaiter.me\wp-content\plugins\polylang-pro\admin\admin.php(132): PLL_Admin_Advanced_Media->__construct(Object(PLL_Admin))
#1 D:\PROGRAMS\OpenServer\domains\gemaiter.me\wp-includes\class-wp-hook.php(287): PLL_Admin->add_filters('')
#2 D:\PROGRAMS\OpenServer\domains\gemaiter.me\wp-includes\class-wp-hook.php(311): WP_Hook->apply_filters(NULL, Array)
#3 D:\PROGRAMS\OpenServer\domains\gemaiter.me\wp-includes\plugin.php(478): WP_Hook->do_action(Array)
#4 D:\PROGRAMS\OpenServer\domains\gemaiter.me\wp-settings.php(568): do_action('wp_loaded')
#5 D:\PROGRAMS\OpenServer\domains\gemaiter.me\wp-config.php(93): require_once('D:\\PROGRAMS\\Ope...')
#6 D:\PROGRAMS\OpenServer\domains\gemaiter.me\wp-load.php(37): require_once('D:\\PROGRAMS\\Ope...')
#7 D:\PROGRAMS\OpenServer\domains in D:\PROGRAMS\OpenServer\domains\gemaiter.me\wp-content\plugins\polylang-pro\modules\media\admin-advanced-media.php on line 26

2020-11-10T14:51:01+00:00 CRITICAL Uncaught Error: Call to undefined method PLL_Bulk_Translate::register_options() in D:\PROGRAMS\OpenServer\domains\gemaiter.me\wp-content\plugins\polylang-pro\modules\media\admin-advanced-media.php:26
Stack trace:
#0 D:\PROGRAMS\OpenServer\domains\gemaiter.me\wp-content\plugins\polylang-pro\admin\admin.php(132): PLL_Admin_Advanced_Media->__construct(Object(PLL_Admin))
#1 D:\PROGRAMS\OpenServer\domains\gemaiter.me\wp-includes\class-wp-hook.php(287): PLL_Admin->add_filters('')
#2 D:\PROGRAMS\OpenServer\domains\gemaiter.me\wp-includes\class-wp-hook.php(311): WP_Hook->apply_filters(NULL, Array)
#3 D:\PROGRAMS\OpenServer\domains\gemaiter.me\wp-includes\plugin.php(478): WP_Hook->do_action(Array)
#4 D:\PROGRAMS\OpenServer\domains\gemaiter.me\wp-settings.php(568): do_action('wp_loaded')
#5 D:\PROGRAMS\OpenServer\domains\gemaiter.me\wp-config.php(93): require_once('D:\\PROGRAMS\\Ope...')
#6 D:\PROGRAMS\OpenServer\domains\gemaiter.me\wp-load.php(37): require_once('D:\\PROGRAMS\\Ope...')
#7 D:\PROGRAMS\OpenServer\domains in D:\PROGRAMS\OpenServer\domains\gemaiter.me\wp-content\plugins\polylang-pro\modules\media\admin-advanced-media.php on line 26

