2020-12-18T05:39:11+00:00 CRITICAL Uncaught Error: Call to undefined function gemalter_post_thumbnail() in D:\PROGRAMS\OpenServer\domains\gemaiter.me\wp-content\themes\gemalter\template-parts\content-search.php:26
Stack trace:
#0 D:\PROGRAMS\OpenServer\domains\gemaiter.me\wp-includes\template.php(732): require()
#1 D:\PROGRAMS\OpenServer\domains\gemaiter.me\wp-includes\template.php(676): load_template('D:\\PROGRAMS\\Ope...', false, Array)
#2 D:\PROGRAMS\OpenServer\domains\gemaiter.me\wp-includes\general-template.php(204): locate_template(Array, true, false, Array)
#3 D:\PROGRAMS\OpenServer\domains\gemaiter.me\wp-content\themes\gemalter\search.php(36): get_template_part('template-parts/...', 'search')
#4 D:\PROGRAMS\OpenServer\domains\gemaiter.me\wp-includes\template-loader.php(106): include('D:\\PROGRAMS\\Ope...')
#5 D:\PROGRAMS\OpenServer\domains\gemaiter.me\wp-blog-header.php(19): require_once('D:\\PROGRAMS\\Ope...')
#6 D:\PROGRAMS\OpenServer\domains\gemaiter.me\index.php(18): require('D:\\PROGRAMS\\Ope...')
#7 {main}
  thrown in D:\PROGRAMS\OpenServer\domains\gemaiter.me\wp-content\themes\gemalter\template-parts\content-search.php on line 26

2020-12-18T05:39:44+00:00 CRITICAL Uncaught Error: Call to undefined function gemalter_entry_footer() in D:\PROGRAMS\OpenServer\domains\gemaiter.me\wp-content\themes\gemalter\template-parts\content-search.php:33
Stack trace:
#0 D:\PROGRAMS\OpenServer\domains\gemaiter.me\wp-includes\template.php(732): require()
#1 D:\PROGRAMS\OpenServer\domains\gemaiter.me\wp-includes\template.php(676): load_template('D:\\PROGRAMS\\Ope...', false, Array)
#2 D:\PROGRAMS\OpenServer\domains\gemaiter.me\wp-includes\general-template.php(204): locate_template(Array, true, false, Array)
#3 D:\PROGRAMS\OpenServer\domains\gemaiter.me\wp-content\themes\gemalter\search.php(36): get_template_part('template-parts/...', 'search')
#4 D:\PROGRAMS\OpenServer\domains\gemaiter.me\wp-includes\template-loader.php(106): include('D:\\PROGRAMS\\Ope...')
#5 D:\PROGRAMS\OpenServer\domains\gemaiter.me\wp-blog-header.php(19): require_once('D:\\PROGRAMS\\Ope...')
#6 D:\PROGRAMS\OpenServer\domains\gemaiter.me\index.php(18): require('D:\\PROGRAMS\\Ope...')
#7 {main}
  thrown in D:\PROGRAMS\OpenServer\domains\gemaiter.me\wp-content\themes\gemalter\template-parts\content-search.php on line 33

2020-12-18T05:40:04+00:00 CRITICAL Uncaught Error: Call to undefined function gemalter_posted_on() in D:\PROGRAMS\OpenServer\domains\gemaiter.me\wp-content\themes\gemalter\template-parts\content-search.php:19
Stack trace:
#0 D:\PROGRAMS\OpenServer\domains\gemaiter.me\wp-includes\template.php(732): require()
#1 D:\PROGRAMS\OpenServer\domains\gemaiter.me\wp-includes\template.php(676): load_template('D:\\PROGRAMS\\Ope...', false, Array)
#2 D:\PROGRAMS\OpenServer\domains\gemaiter.me\wp-includes\general-template.php(204): locate_template(Array, true, false, Array)
#3 D:\PROGRAMS\OpenServer\domains\gemaiter.me\wp-content\themes\gemalter\search.php(36): get_template_part('template-parts/...', 'search')
#4 D:\PROGRAMS\OpenServer\domains\gemaiter.me\wp-includes\template-loader.php(106): include('D:\\PROGRAMS\\Ope...')
#5 D:\PROGRAMS\OpenServer\domains\gemaiter.me\wp-blog-header.php(19): require_once('D:\\PROGRAMS\\Ope...')
#6 D:\PROGRAMS\OpenServer\domains\gemaiter.me\index.php(18): require('D:\\PROGRAMS\\Ope...')
#7 {main}
  thrown in D:\PROGRAMS\OpenServer\domains\gemaiter.me\wp-content\themes\gemalter\template-parts\content-search.php on line 19

