2020-12-31T06:59:08+00:00 CRITICAL Uncaught Error: Call to undefined function deactivate_plugins() in D:\PROGRAMS\OpenServer\domains\gemaiter.me\wp-content\plugins\sv-provenexpert\lib\core_plugin\dependencies\sv_dependencies.php:71
Stack trace:
#0 D:\PROGRAMS\OpenServer\domains\gemaiter.me\wp-includes\class-wp-hook.php(287): sv_dependencies\init->sv_dependencies\{closure}('')
#1 D:\PROGRAMS\OpenServer\domains\gemaiter.me\wp-includes\class-wp-hook.php(311): WP_Hook->apply_filters(NULL, Array)
#2 D:\PROGRAMS\OpenServer\domains\gemaiter.me\wp-includes\plugin.php(484): WP_Hook->do_action(Array)
#3 D:\PROGRAMS\OpenServer\domains\gemaiter.me\wp-settings.php(557): do_action('init')
#4 D:\PROGRAMS\OpenServer\domains\gemaiter.me\wp-config.php(98): require_once('D:\\PROGRAMS\\Ope...')
#5 D:\PROGRAMS\OpenServer\domains\gemaiter.me\wp-load.php(37): require_once('D:\\PROGRAMS\\Ope...')
#6 D:\PROGRAMS\OpenServer\domains\gemaiter.me\wp-admin\admin.php(34): require_once('D:\\PROGRAMS\\Ope...')
#7 D:\PROGRAMS\OpenServer\domains\gemaiter.me\wp-admin\plugins.php in D:\PROGRAMS\OpenServer\domains\gemaiter.me\wp-content\plugins\sv-provenexpert\lib\core_plugin\dependencies\sv_dependencies.php on line 71

2020-12-31T06:59:15+00:00 CRITICAL Uncaught Error: Call to undefined function deactivate_plugins() in D:\PROGRAMS\OpenServer\domains\gemaiter.me\wp-content\plugins\sv-provenexpert\lib\core_plugin\dependencies\sv_dependencies.php:71
Stack trace:
#0 D:\PROGRAMS\OpenServer\domains\gemaiter.me\wp-includes\class-wp-hook.php(287): sv_dependencies\init->sv_dependencies\{closure}('')
#1 D:\PROGRAMS\OpenServer\domains\gemaiter.me\wp-includes\class-wp-hook.php(311): WP_Hook->apply_filters(NULL, Array)
#2 D:\PROGRAMS\OpenServer\domains\gemaiter.me\wp-includes\plugin.php(484): WP_Hook->do_action(Array)
#3 D:\PROGRAMS\OpenServer\domains\gemaiter.me\wp-settings.php(557): do_action('init')
#4 D:\PROGRAMS\OpenServer\domains\gemaiter.me\wp-config.php(98): require_once('D:\\PROGRAMS\\Ope...')
#5 D:\PROGRAMS\OpenServer\domains\gemaiter.me\wp-load.php(37): require_once('D:\\PROGRAMS\\Ope...')
#6 D:\PROGRAMS\OpenServer\domains\gemaiter.me\wp-admin\admin.php(34): require_once('D:\\PROGRAMS\\Ope...')
#7 D:\PROGRAMS\OpenServer\domains\gemaiter.me\wp-admin\plugins.php in D:\PROGRAMS\OpenServer\domains\gemaiter.me\wp-content\plugins\sv-provenexpert\lib\core_plugin\dependencies\sv_dependencies.php on line 71

2020-12-31T06:59:16+00:00 CRITICAL Uncaught Error: Call to undefined function deactivate_plugins() in D:\PROGRAMS\OpenServer\domains\gemaiter.me\wp-content\plugins\sv-provenexpert\lib\core_plugin\dependencies\sv_dependencies.php:71
Stack trace:
#0 D:\PROGRAMS\OpenServer\domains\gemaiter.me\wp-includes\class-wp-hook.php(287): sv_dependencies\init->sv_dependencies\{closure}('')
#1 D:\PROGRAMS\OpenServer\domains\gemaiter.me\wp-includes\class-wp-hook.php(311): WP_Hook->apply_filters(NULL, Array)
#2 D:\PROGRAMS\OpenServer\domains\gemaiter.me\wp-includes\plugin.php(484): WP_Hook->do_action(Array)
#3 D:\PROGRAMS\OpenServer\domains\gemaiter.me\wp-settings.php(557): do_action('init')
#4 D:\PROGRAMS\OpenServer\domains\gemaiter.me\wp-config.php(98): require_once('D:\\PROGRAMS\\Ope...')
#5 D:\PROGRAMS\OpenServer\domains\gemaiter.me\wp-load.php(37): require_once('D:\\PROGRAMS\\Ope...')
#6 D:\PROGRAMS\OpenServer\domains\gemaiter.me\wp-blog-header.php(13): require_once('D:\\PROGRAMS\\Ope...')
#7 D:\PROGRAMS\OpenServer\domains\gemaiter.me\index.php(17): requi in D:\PROGRAMS\OpenServer\domains\gemaiter.me\wp-content\plugins\sv-provenexpert\lib\core_plugin\dependencies\sv_dependencies.php on line 71

2020-12-31T06:59:18+00:00 CRITICAL Uncaught Error: Call to undefined function deactivate_plugins() in D:\PROGRAMS\OpenServer\domains\gemaiter.me\wp-content\plugins\sv-provenexpert\lib\core_plugin\dependencies\sv_dependencies.php:71
Stack trace:
#0 D:\PROGRAMS\OpenServer\domains\gemaiter.me\wp-includes\class-wp-hook.php(287): sv_dependencies\init->sv_dependencies\{closure}('')
#1 D:\PROGRAMS\OpenServer\domains\gemaiter.me\wp-includes\class-wp-hook.php(311): WP_Hook->apply_filters(NULL, Array)
#2 D:\PROGRAMS\OpenServer\domains\gemaiter.me\wp-includes\plugin.php(484): WP_Hook->do_action(Array)
#3 D:\PROGRAMS\OpenServer\domains\gemaiter.me\wp-settings.php(557): do_action('init')
#4 D:\PROGRAMS\OpenServer\domains\gemaiter.me\wp-config.php(98): require_once('D:\\PROGRAMS\\Ope...')
#5 D:\PROGRAMS\OpenServer\domains\gemaiter.me\wp-load.php(37): require_once('D:\\PROGRAMS\\Ope...')
#6 D:\PROGRAMS\OpenServer\domains\gemaiter.me\wp-blog-header.php(13): require_once('D:\\PROGRAMS\\Ope...')
#7 D:\PROGRAMS\OpenServer\domains\gemaiter.me\index.php(17): requi in D:\PROGRAMS\OpenServer\domains\gemaiter.me\wp-content\plugins\sv-provenexpert\lib\core_plugin\dependencies\sv_dependencies.php on line 71

2020-12-31T06:59:20+00:00 CRITICAL Uncaught Error: Call to undefined function deactivate_plugins() in D:\PROGRAMS\OpenServer\domains\gemaiter.me\wp-content\plugins\sv-provenexpert\lib\core_plugin\dependencies\sv_dependencies.php:71
Stack trace:
#0 D:\PROGRAMS\OpenServer\domains\gemaiter.me\wp-includes\class-wp-hook.php(287): sv_dependencies\init->sv_dependencies\{closure}('')
#1 D:\PROGRAMS\OpenServer\domains\gemaiter.me\wp-includes\class-wp-hook.php(311): WP_Hook->apply_filters(NULL, Array)
#2 D:\PROGRAMS\OpenServer\domains\gemaiter.me\wp-includes\plugin.php(484): WP_Hook->do_action(Array)
#3 D:\PROGRAMS\OpenServer\domains\gemaiter.me\wp-settings.php(557): do_action('init')
#4 D:\PROGRAMS\OpenServer\domains\gemaiter.me\wp-config.php(98): require_once('D:\\PROGRAMS\\Ope...')
#5 D:\PROGRAMS\OpenServer\domains\gemaiter.me\wp-load.php(37): require_once('D:\\PROGRAMS\\Ope...')
#6 D:\PROGRAMS\OpenServer\domains\gemaiter.me\wp-admin\admin.php(34): require_once('D:\\PROGRAMS\\Ope...')
#7 D:\PROGRAMS\OpenServer\domains\gemaiter.me\wp-admin\plugins.php in D:\PROGRAMS\OpenServer\domains\gemaiter.me\wp-content\plugins\sv-provenexpert\lib\core_plugin\dependencies\sv_dependencies.php on line 71

2020-12-31T06:59:21+00:00 CRITICAL Uncaught Error: Call to undefined function deactivate_plugins() in D:\PROGRAMS\OpenServer\domains\gemaiter.me\wp-content\plugins\sv-provenexpert\lib\core_plugin\dependencies\sv_dependencies.php:71
Stack trace:
#0 D:\PROGRAMS\OpenServer\domains\gemaiter.me\wp-includes\class-wp-hook.php(287): sv_dependencies\init->sv_dependencies\{closure}('')
#1 D:\PROGRAMS\OpenServer\domains\gemaiter.me\wp-includes\class-wp-hook.php(311): WP_Hook->apply_filters(NULL, Array)
#2 D:\PROGRAMS\OpenServer\domains\gemaiter.me\wp-includes\plugin.php(484): WP_Hook->do_action(Array)
#3 D:\PROGRAMS\OpenServer\domains\gemaiter.me\wp-settings.php(557): do_action('init')
#4 D:\PROGRAMS\OpenServer\domains\gemaiter.me\wp-config.php(98): require_once('D:\\PROGRAMS\\Ope...')
#5 D:\PROGRAMS\OpenServer\domains\gemaiter.me\wp-load.php(37): require_once('D:\\PROGRAMS\\Ope...')
#6 D:\PROGRAMS\OpenServer\domains\gemaiter.me\wp-blog-header.php(13): require_once('D:\\PROGRAMS\\Ope...')
#7 D:\PROGRAMS\OpenServer\domains\gemaiter.me\index.php(17): requi in D:\PROGRAMS\OpenServer\domains\gemaiter.me\wp-content\plugins\sv-provenexpert\lib\core_plugin\dependencies\sv_dependencies.php on line 71

2020-12-31T06:59:39+00:00 CRITICAL Uncaught Error: Call to undefined function deactivate_plugins() in D:\PROGRAMS\OpenServer\domains\gemaiter.me\wp-content\plugins\sv-provenexpert\lib\core_plugin\dependencies\sv_dependencies.php:71
Stack trace:
#0 D:\PROGRAMS\OpenServer\domains\gemaiter.me\wp-includes\class-wp-hook.php(287): sv_dependencies\init->sv_dependencies\{closure}('')
#1 D:\PROGRAMS\OpenServer\domains\gemaiter.me\wp-includes\class-wp-hook.php(311): WP_Hook->apply_filters(NULL, Array)
#2 D:\PROGRAMS\OpenServer\domains\gemaiter.me\wp-includes\plugin.php(484): WP_Hook->do_action(Array)
#3 D:\PROGRAMS\OpenServer\domains\gemaiter.me\wp-settings.php(557): do_action('init')
#4 D:\PROGRAMS\OpenServer\domains\gemaiter.me\wp-config.php(98): require_once('D:\\PROGRAMS\\Ope...')
#5 D:\PROGRAMS\OpenServer\domains\gemaiter.me\wp-load.php(37): require_once('D:\\PROGRAMS\\Ope...')
#6 D:\PROGRAMS\OpenServer\domains\gemaiter.me\wp-admin\admin.php(34): require_once('D:\\PROGRAMS\\Ope...')
#7 D:\PROGRAMS\OpenServer\domains\gemaiter.me\wp-admin\index.php(1 in D:\PROGRAMS\OpenServer\domains\gemaiter.me\wp-content\plugins\sv-provenexpert\lib\core_plugin\dependencies\sv_dependencies.php on line 71

2020-12-31T06:59:41+00:00 CRITICAL Uncaught Error: Call to undefined function deactivate_plugins() in D:\PROGRAMS\OpenServer\domains\gemaiter.me\wp-content\plugins\sv-provenexpert\lib\core_plugin\dependencies\sv_dependencies.php:71
Stack trace:
#0 D:\PROGRAMS\OpenServer\domains\gemaiter.me\wp-includes\class-wp-hook.php(287): sv_dependencies\init->sv_dependencies\{closure}('')
#1 D:\PROGRAMS\OpenServer\domains\gemaiter.me\wp-includes\class-wp-hook.php(311): WP_Hook->apply_filters(NULL, Array)
#2 D:\PROGRAMS\OpenServer\domains\gemaiter.me\wp-includes\plugin.php(484): WP_Hook->do_action(Array)
#3 D:\PROGRAMS\OpenServer\domains\gemaiter.me\wp-settings.php(557): do_action('init')
#4 D:\PROGRAMS\OpenServer\domains\gemaiter.me\wp-config.php(98): require_once('D:\\PROGRAMS\\Ope...')
#5 D:\PROGRAMS\OpenServer\domains\gemaiter.me\wp-load.php(37): require_once('D:\\PROGRAMS\\Ope...')
#6 D:\PROGRAMS\OpenServer\domains\gemaiter.me\wp-blog-header.php(13): require_once('D:\\PROGRAMS\\Ope...')
#7 D:\PROGRAMS\OpenServer\domains\gemaiter.me\index.php(17): requi in D:\PROGRAMS\OpenServer\domains\gemaiter.me\wp-content\plugins\sv-provenexpert\lib\core_plugin\dependencies\sv_dependencies.php on line 71

2020-12-31T06:59:43+00:00 CRITICAL Uncaught Error: Call to undefined function deactivate_plugins() in D:\PROGRAMS\OpenServer\domains\gemaiter.me\wp-content\plugins\sv-provenexpert\lib\core_plugin\dependencies\sv_dependencies.php:71
Stack trace:
#0 D:\PROGRAMS\OpenServer\domains\gemaiter.me\wp-includes\class-wp-hook.php(287): sv_dependencies\init->sv_dependencies\{closure}('')
#1 D:\PROGRAMS\OpenServer\domains\gemaiter.me\wp-includes\class-wp-hook.php(311): WP_Hook->apply_filters(NULL, Array)
#2 D:\PROGRAMS\OpenServer\domains\gemaiter.me\wp-includes\plugin.php(484): WP_Hook->do_action(Array)
#3 D:\PROGRAMS\OpenServer\domains\gemaiter.me\wp-settings.php(557): do_action('init')
#4 D:\PROGRAMS\OpenServer\domains\gemaiter.me\wp-config.php(98): require_once('D:\\PROGRAMS\\Ope...')
#5 D:\PROGRAMS\OpenServer\domains\gemaiter.me\wp-load.php(37): require_once('D:\\PROGRAMS\\Ope...')
#6 D:\PROGRAMS\OpenServer\domains\gemaiter.me\wp-admin\admin-ajax.php(22): require_once('D:\\PROGRAMS\\Ope...')
#7 {main}
  thrown in D:\PROGRAMS\OpenServer\domains\gemaiter.me\wp-content\plugins\sv-provenexpert\lib\core_plugin\dependencies\sv_dependencies.php on line 71

