2020-11-12T05:20:23+00:00 ERROR Error getting remote inbox notification data feed
2020-11-12T05:20:23+00:00 ERROR WP_Error Object
(
    [errors] => Array
        (
            [http_request_failed] => Array
                (
                    [0] => cURL error 6: Could not resolve host: woocommerce.com
                )

        )

    [error_data] => Array
        (
        )

)

2020-11-12T05:20:26+00:00 ERROR Error getting remote inbox notification data feed
2020-11-12T05:20:26+00:00 ERROR WP_Error Object
(
    [errors] => Array
        (
            [http_request_failed] => Array
                (
                    [0] => cURL error 6: Could not resolve host: woocommerce.com
                )

        )

    [error_data] => Array
        (
        )

)

