2021-01-13T07:01:27+00:00 DEBUG 
====Stripe Version: 4.7.0====
====Start Log====
Info: Begin creating SOFORT source
====End Log====


2021-01-13T07:01:27+00:00 DEBUG 
====Stripe Version: 4.7.0====
====Start Log====
sources request: Array
(
    [amount] => 18000
    [currency] => eur
    [type] => sofort
    [owner] => stdClass Object
        (
            [phone] => +12019875641
            [name] => Jonathan Smith
            [email] => info@albatrossgolfnetwork.com
            [address] => Array
                (
                    [line1] => 75 Union Avenue, 1st Floor
                    [line2] => 1st Floor
                    [state] => NJ
                    [city] => Rutherford
                    [postal_code] => 07070
                    [country] => Germany
                )

        )

    [redirect] => Array
        (
            [return_url] => http://gemaiter.me/de/checkout/order-received/565/?key=wc_order_MJQveVBvzTUGE&utm_nooverride=1&order_id=565
        )

    [sofort] => Array
        (
            [country] => Germany
            [preferred_language] => de
        )

)

====End Log====


2021-01-13T07:01:27+00:00 DEBUG 
====Stripe Version: 4.7.0====
====Start Log====
Error: stdClass Object
(
    [error] => stdClass Object
        (
            [code] => invalid_sofort_country
            [message] => Invalid country `GERMANY` for Sofort. Supported values are: AT, BE, DE, ES, IT, NL
            [param] => sofort[country]
            [type] => invalid_request_error
        )

)

====End Log====


2021-01-13T07:31:48+00:00 DEBUG 
====Stripe Version: 4.7.0====
====Start Log====
sources/src_1I93pTByDRVe6AxocYtgYSo5
====End Log====


2021-01-13T07:31:48+00:00 DEBUG 
====Stripe Version: 4.7.0====
====Start Log====
customers/cus_IjouLg0URUAJRN request: Array
(
    [email] => admin@test.com
    [description] => Name: Jonathan Smith, Username: Jonathan
    [name] => Jonathan Smith
    [metadata] => Array
        (
        )

)

====End Log====


2021-01-13T07:31:49+00:00 DEBUG 
====Stripe Version: 4.7.0====
====Start Log====
Info: Begin processing payment for order 569 for the amount of 677
====End Log====


2021-01-13T07:31:49+00:00 DEBUG 
====Stripe Version: 4.7.0====
====Start Log====
payment_intents request: Array
(
    [source] => src_1I93pTByDRVe6AxocYtgYSo5
    [amount] => 67700
    [currency] => eur
    [description] => Gemalter Wunsch - Order 569
    [metadata] => Array
        (
            [customer_name] => Jonathan Smith
            [customer_email] => info@albatrossgolfnetwork.com
            [order_id] => 569
            [site_url] => http://gemaiter.me
        )

    [capture_method] => automatic
    [payment_method_types] => Array
        (
            [0] => card
        )

    [customer] => cus_IjouLg0URUAJRN
    [shipping] => Array
        (
            [name] => Jonathan Smith
            [address] => Array
                (
                    [line1] => 75 Union Avenue, 1st Floor
                    [line2] => 1st Floor
                    [city] => Rutherford
                    [country] => Germany
                    [postal_code] => 07070
                    [state] => NJ
                )

        )

)

====End Log====


2021-01-13T07:31:50+00:00 DEBUG 
====Stripe Version: 4.7.0====
====Start Log====
Stripe PaymentIntent pi_1I93pXByDRVe6AxoVP2WiT8W initiated for order 569
====End Log====


2021-01-13T07:31:50+00:00 DEBUG 
====Stripe Version: 4.7.0====
====Start Log====
payment_intents/pi_1I93pXByDRVe6AxoVP2WiT8W/confirm request: Array
(
    [source] => src_1I93pTByDRVe6AxocYtgYSo5
    [level3] => Array
        (
            [merchant_reference] => 569
            [shipping_amount] => 0
            [line_items] => Array
                (
                    [0] => stdClass Object
                        (
                            [product_code] => 517
                            [product_description] => Picture
                            [unit_cost] => 67700
                            [quantity] => 1
                            [tax_amount] => 0
                            [discount_amount] => 0
                        )

                )

            [shipping_address_zip] => 07070
        )

)

====End Log====


2021-01-13T07:31:50+00:00 DEBUG 
====Stripe Version: 4.7.0====
====Start Log====
payment_intents/pi_1I93pXByDRVe6AxoVP2WiT8W/confirm request: Array
(
    [source] => src_1I93pTByDRVe6AxocYtgYSo5
)

====End Log====


2021-01-13T07:31:52+00:00 DEBUG 
====Stripe Version: 4.7.0====
====Start Log====
Stripe PaymentIntent pi_1I93pXByDRVe6AxoVP2WiT8W succeeded for order 569
====End Log====


2021-01-13T07:31:52+00:00 DEBUG 
====Stripe Version: 4.7.0====
====Start Log====
Processing response: stdClass Object
(
    [id] => ch_1I93pYByDRVe6AxovOxRaeix
    [object] => charge
    [amount] => 67700
    [amount_captured] => 67700
    [amount_refunded] => 0
    [application] => 
    [application_fee] => 
    [application_fee_amount] => 
    [balance_transaction] => txn_1I93pZByDRVe6AxoeWQYl7Tl
    [billing_details] => stdClass Object
        (
            [address] => stdClass Object
                (
                    [city] => 
                    [country] => 
                    [line1] => 
                    [line2] => 
                    [postal_code] => 
                    [state] => 
                )

            [email] => info@albatrossgolfnetwork.com
            [name] =>  
            [phone] => 
        )

    [calculated_statement_descriptor] => Stripe
    [captured] => 1
    [created] => 1610523108
    [currency] => eur
    [customer] => cus_IjouLg0URUAJRN
    [description] => Gemalter Wunsch - Order 569
    [destination] => 
    [dispute] => 
    [disputed] => 
    [failure_code] => 
    [failure_message] => 
    [fraud_details] => stdClass Object
        (
        )

    [invoice] => 
    [livemode] => 
    [metadata] => stdClass Object
        (
            [customer_name] => Jonathan Smith
            [customer_email] => info@albatrossgolfnetwork.com
            [order_id] => 569
            [site_url] => http://gemaiter.me
        )

    [on_behalf_of] => 
    [order] => 
    [outcome] => stdClass Object
        (
            [network_status] => approved_by_network
            [reason] => 
            [risk_level] => normal
            [risk_score] => 10
            [seller_message] => Payment complete.
            [type] => authorized
        )

    [paid] => 1
    [payment_intent] => pi_1I93pXByDRVe6AxoVP2WiT8W
    [payment_method] => src_1I93pTByDRVe6AxocYtgYSo5
    [payment_method_details] => stdClass Object
        (
            [card] => stdClass Object
                (
                    [brand] => visa
                    [checks] => stdClass Object
                        (
                            [address_line1_check] => 
                            [address_postal_code_check] => 
                            [cvc_check] => pass
                        )

                    [country] => US
                    [exp_month] => 11
                    [exp_year] => 2024
                    [fingerprint] => BAP55szwa9Cy6TKl
                    [funding] => credit
                    [installments] => 
                    [last4] => 4242
                    [network] => visa
                    [three_d_secure] => 
                    [wallet] => 
                )

            [type] => card
        )

    [receipt_email] => 
    [receipt_number] => 
    [receipt_url] => https://pay.stripe.com/receipts/acct_1I4SK9ByDRVe6Axo/ch_1I93pYByDRVe6AxovOxRaeix/rcpt_IkYx9nYxYNvxNPs3NRcV5lrS4kGgtHT
    [refunded] => 
    [refunds] => stdClass Object
        (
            [object] => list
            [data] => Array
                (
                )

            [has_more] => 
            [total_count] => 0
            [url] => /v1/charges/ch_1I93pYByDRVe6AxovOxRaeix/refunds
        )

    [review] => 
    [shipping] => stdClass Object
        (
            [address] => stdClass Object
                (
                    [city] => Rutherford
                    [country] => Germany
                    [line1] => 75 Union Avenue, 1st Floor
                    [line2] => 1st Floor
                    [postal_code] => 07070
                    [state] => NJ
                )

            [carrier] => 
            [name] => Jonathan Smith
            [phone] => 
            [tracking_number] => 
        )

    [source] => stdClass Object
        (
            [id] => src_1I93pTByDRVe6AxocYtgYSo5
            [object] => source
            [amount] => 
            [card] => stdClass Object
                (
                    [exp_month] => 11
                    [exp_year] => 2024
                    [last4] => 4242
                    [country] => US
                    [brand] => Visa
                    [cvc_check] => pass
                    [funding] => credit
                    [fingerprint] => BAP55szwa9Cy6TKl
                    [three_d_secure] => optional
                    [name] => 
                    [address_line1_check] => 
                    [address_zip_check] => 
                    [tokenization_method] => 
                    [dynamic_last4] => 
                )

            [client_secret] => src_client_secret_f7uGuubzwISrutM5CXmmUfJ6
            [created] => 1610523108
            [currency] => 
            [flow] => none
            [livemode] => 
            [metadata] => stdClass Object
                (
                )

            [owner] => stdClass Object
                (
                    [address] => 
                    [email] => info@albatrossgolfnetwork.com
                    [name] =>  
                    [phone] => 
                    [verified_address] => 
                    [verified_email] => 
                    [verified_name] => 
                    [verified_phone] => 
                )

            [statement_descriptor] => 
            [status] => consumed
            [type] => card
            [usage] => reusable
        )

    [source_transfer] => 
    [statement_descriptor] => 
    [statement_descriptor_suffix] => 
    [status] => succeeded
    [transfer_data] => 
    [transfer_group] => 
)

====End Log====


2021-01-13T07:31:52+00:00 DEBUG 
====Stripe Version: 4.7.0====
====Start Log====
balance/history/txn_1I93pZByDRVe6AxoeWQYl7Tl
====End Log====


