2021-01-16T05:55:34+00:00 DEBUG 
====Stripe Version: 4.7.0====
====Start Log====
customers request: Array
(
    [email] => test_new_user@mail.com
    [description] => Name: Jonathan Smith, Guest
    [name] => Jonathan Smith
    [metadata] => Array
        (
        )

)

====End Log====


2021-01-16T05:55:35+00:00 DEBUG 
====Stripe Version: 4.7.0====
====Start Log====
Error: stdClass Object
(
    [token_id] => 
    [customer] => cus_Ilf5Ym8OlrQpQh
    [source] => 
    [source_object] => 
)

====End Log====


2021-01-16T07:05:18+00:00 DEBUG 
====Stripe Version: 4.7.0====
====Start Log====
customers request: Array
(
    [email] => test_new_user@mail.com
    [description] => Name: Jonathan Smith, Guest
    [name] => Jonathan Smith
    [metadata] => Array
        (
        )

)

====End Log====


2021-01-16T07:05:18+00:00 DEBUG 
====Stripe Version: 4.7.0====
====Start Log====
Error: stdClass Object
(
    [token_id] => 
    [customer] => cus_IlgCQQz0B3UEPd
    [source] => 
    [source_object] => 
)

====End Log====


2021-01-16T07:09:58+00:00 DEBUG 
====Stripe Version: 4.7.0====
====Start Log====
customers request: Array
(
    [email] => test_new_user@mail.com
    [description] => Name: Jonathan Smith, Guest
    [name] => Jonathan Smith
    [metadata] => Array
        (
        )

)

====End Log====


2021-01-16T07:09:59+00:00 DEBUG 
====Stripe Version: 4.7.0====
====Start Log====
Error: stdClass Object
(
    [token_id] => 
    [customer] => cus_IlgHWwbTtk8Qqb
    [source] => 
    [source_object] => 
)

====End Log====


2021-01-16T07:12:57+00:00 DEBUG 
====Stripe Version: 4.7.0====
====Start Log====
customers request: Array
(
    [email] => test_new_user@mail.com
    [description] => Name: Jonathan Smith, Guest
    [name] => Jonathan Smith
    [metadata] => Array
        (
        )

)

====End Log====


2021-01-16T07:12:58+00:00 DEBUG 
====Stripe Version: 4.7.0====
====Start Log====
Error: stdClass Object
(
    [token_id] => 
    [customer] => cus_IlgKRRpOwG6Vzb
    [source] => 
    [source_object] => 
)

====End Log====


2021-01-16T07:16:26+00:00 DEBUG 
====Stripe Version: 4.7.0====
====Start Log====
customers request: Array
(
    [email] => test_new_user@mail.com
    [description] => Name: Jonathan Smith, Guest
    [name] => Jonathan Smith
    [metadata] => Array
        (
        )

)

====End Log====


2021-01-16T07:16:27+00:00 DEBUG 
====Stripe Version: 4.7.0====
====Start Log====
Error: stdClass Object
(
    [token_id] => 
    [customer] => cus_IlgOGxTczdkGMY
    [source] => 
    [source_object] => 
)

====End Log====


2021-01-16T07:17:19+00:00 DEBUG 
====Stripe Version: 4.7.0====
====Start Log====
customers request: Array
(
    [email] => test_new_user@mail.com
    [description] => Name: Jonathan Smith, Guest
    [name] => Jonathan Smith
    [metadata] => Array
        (
        )

)

====End Log====


2021-01-16T07:17:20+00:00 DEBUG 
====Stripe Version: 4.7.0====
====Start Log====
Error: stdClass Object
(
    [token_id] => 
    [customer] => cus_IlgOAKEWIVp8B2
    [source] => 
    [source_object] => 
)

====End Log====


2021-01-16T07:17:30+00:00 DEBUG 
====Stripe Version: 4.7.0====
====Start Log====
customers request: Array
(
    [email] => test_new_user@mail.com
    [description] => Name: Jonathan Smith, Guest
    [name] => Jonathan Smith
    [metadata] => Array
        (
        )

)

====End Log====


2021-01-16T07:17:31+00:00 DEBUG 
====Stripe Version: 4.7.0====
====Start Log====
Error: stdClass Object
(
    [token_id] => 
    [customer] => cus_IlgPVvKMLdYLSy
    [source] => 
    [source_object] => 
)

====End Log====


2021-01-16T07:18:32+00:00 DEBUG 
====Stripe Version: 4.7.0====
====Start Log====
customers request: Array
(
    [email] => test_new_user@mail.com
    [description] => Name: Jonathan Smith, Guest
    [name] => Jonathan Smith
    [metadata] => Array
        (
        )

)

====End Log====


2021-01-16T07:18:33+00:00 DEBUG 
====Stripe Version: 4.7.0====
====Start Log====
Error: stdClass Object
(
    [token_id] => 
    [customer] => cus_IlgQhf8NDNy2Yw
    [source] => 
    [source_object] => 
)

====End Log====


2021-01-16T07:22:10+00:00 DEBUG 
====Stripe Version: 4.7.0====
====Start Log====
customers request: Array
(
    [email] => test_new_user@mail.com
    [description] => Name: Jonathan Smith, Guest
    [name] => Jonathan Smith
    [metadata] => Array
        (
        )

)

====End Log====


2021-01-16T07:22:11+00:00 DEBUG 
====Stripe Version: 4.7.0====
====Start Log====
Error: stdClass Object
(
    [token_id] => 
    [customer] => cus_IlgTix9LzlhSec
    [source] => 
    [source_object] => 
)

====End Log====


